2014-11-28 16:11:46-06:00 --- INFO: Attempting deployment...
2014-11-28 16:11:46-06:00 --- INFO: Changing working directory... 
2014-11-28 16:12:11-06:00 --- INFO: Pulling in changes... 
2014-11-28 16:12:11-06:00 --- INFO: Securing .git directory... 
2014-11-28 16:12:11-06:00 --- ERROR: exception 'ErrorException' with message 'Undefined property: Deploy::$_data' in C:\wamp\www\Walkabout\app\utils\Deploy.php:128
Stack trace:
#0 C:\wamp\www\Walkabout\app\utils\Deploy.php(128): Illuminate\Exception\Handler->handleError(8, 'Undefined prope...', 'C:\wamp\www\Wal...', 128, Array)
#1 C:\wamp\www\Walkabout\app\routes.php(63): Deploy->execute()
#2 [internal function]: {closure}()
#3 C:\wamp\www\Walkabout\vendor\laravel\framework\src\Illuminate\Routing\Route.php(109): call_user_func_array(Object(Closure), Array)
#4 C:\wamp\www\Walkabout\vendor\laravel\framework\src\Illuminate\Routing\Router.php(1028): Illuminate\Routing\Route->run(Object(Illuminate\Http\Request))
#5 C:\wamp\www\Walkabout\vendor\laravel\framework\src\Illuminate\Routing\Router.php(996): Illuminate\Routing\Router->dispatchToRoute(Object(Illuminate\Http\Request))
#6 C:\wamp\www\Walkabout\vendor\laravel\framework\src\Illuminate\Foundation\Application.php(775): Illuminate\Routing\Router->dispatch(Object(Illuminate\Http\Request))
#7 C:\wamp\www\Walkabout\vendor\laravel\framework\src\Illuminate\Foundation\Application.php(745): Illuminate\Foundation\Application->dispatch(Object(Illuminate\Http\Request))
#8 C:\wamp\www\Walkabout\vendor\laravel\framework\src\Illuminate\Session\Middleware.php(72): Illuminate\Foundation\Application->handle(Object(Illuminate\Http\Request), 1, true)
#9 C:\wamp\www\Walkabout\vendor\laravel\framework\src\Illuminate\Cookie\Queue.php(47): Illuminate\Session\Middleware->handle(Object(Illuminate\Http\Request), 1, true)
#10 C:\wamp\www\Walkabout\vendor\laravel\framework\src\Illuminate\Cookie\Guard.php(51): Illuminate\Cookie\Queue->handle(Object(Illuminate\Http\Request), 1, true)
#11 C:\wamp\www\Walkabout\vendor\stack\builder\src\Stack\StackedHttpKernel.php(23): Illuminate\Cookie\Guard->handle(Object(Illuminate\Http\Request), 1, true)
#12 C:\wamp\www\Walkabout\vendor\laravel\framework\src\Illuminate\Foundation\Application.php(641): Stack\StackedHttpKernel->handle(Object(Illuminate\Http\Request))
#13 C:\wamp\www\Walkabout\public\index.php(49): Illuminate\Foundation\Application->run()
#14 {main}
2014-11-28 16:14:13-06:00 --- INFO: Attempting deployment...
2014-11-28 16:14:13-06:00 --- INFO: Changing working directory... 
2014-11-28 16:14:37-06:00 --- INFO: Pulling in changes... 
2014-11-28 16:14:37-06:00 --- INFO: Securing .git directory... 
2014-11-28 16:14:37-06:00 --- INFO: Deployment successful.
2014-11-28 16:15:26-06:00 --- INFO: Attempting deployment...
2014-11-28 16:15:26-06:00 --- INFO: Changing working directory... 
2014-11-28 16:15:26-06:00 --- INFO: Reseting repository... 
2014-11-28 16:15:50-06:00 --- INFO: Pulling in changes... 
2014-11-28 16:15:51-06:00 --- INFO: Securing .git directory... 
2014-11-28 16:15:51-06:00 --- INFO: Deployment successful.
